{"name": "Заказ самоката - вход через кнопку \"Заказать\" внизу страницы- позитивный сценарий", "status": "broken", "statusDetails": {"message": "selenium.common.exceptions.TimeoutException: Message: \nStacktrace:\nBacktrace:\n\t(No symbol) [0x004737D3]\n\t(No symbol) [0x00408B81]\n\t(No symbol) [0x0030B36D]\n\t(No symbol) [0x0033D382]\n\t(No symbol) [0x0033D4BB]\n\t(No symbol) [0x00373302]\n\t(No symbol) [0x0035B464]\n\t(No symbol) [0x00371215]\n\t(No symbol) [0x0035B216]\n\t(No symbol) [0x00330D97]\n\t(No symbol) [0x0033253D]\n\tGetHandleVerifier [0x006EABF2+2510930]\n\tGetHandleVerifier [0x00718EC1+2700065]\n\tGetHandleVerifier [0x0071C86C+2714828]\n\tGetHandleVerifier [0x00523480+645344]\n\t(No symbol) [0x00410FD2]\n\t(No symbol) [0x00416C68]\n\t(No symbol) [0x00416D4B]\n\t(No symbol) [0x00420D6B]\n\tBaseThreadInitThunk [0x752C7D69+25]\n\tRtlInitializeExceptionChain [0x7748B74B+107]\n\tRtlClearBits [0x7748B6CF+191]", "trace": "driver = <selenium.webdriver.chrome.webdriver.WebDriver (session=\"55b25733971dd279ce510234aaf59ea1\")>, name = 'Роман', family_name = 'Александровский'\naddress = 'Новомытищенский проспект, 33, корпус 1', metro = 'Перово', phone = '+12345678901', date = '24.03.2023'\n\n    @allure.title('Заказ самоката - вход через кнопку \"Заказать\" внизу страницы- позитивный сценарий')\n    @allure.description('Проверка позитивного сценария заказа самоката через кнопку внизу страницы с корректным заполнением всех полей формы, кроме поля \"Комментарий\"')\n    @pytest.mark.parametrize('name, family_name, address, metro, phone, date',\n                                 [['Роман', 'Александровский', 'Новомытищенский проспект, 33, корпус 1', 'Перово', '+12345678901', tomorrow],\n                                  ['Аркадий', 'Петров', 'Тверская, 5', 'Сокол', '+791600006627', day_after_tomorrow]])\n    def test_order_via_button_in_bottom_and_check_link(driver, name, family_name, address, metro, phone, date):\n        home_page = HomePage(driver)\n        home_page.accept_cookies()\n        home_page.click_order_button_in_bottom()\n    \n        order_page = OrderPage(driver)\n        order_page.wait_for_page_load()\n        order_page.fill_in_name_field(name)\n        order_page.fill_in_family_name_field(family_name)\n        order_page.fill_in_address_field(address)\n        order_page.choose_metro_station(metro)\n        order_page.fill_in_phone_number(phone)\n        order_page.click_submit_button()\n    \n        rent_details_form = RentDetailsForm(driver)\n        rent_details_form.wait_for_page_load()\n    \n        rent_details_form.choose_date(date)\n        rent_details_form.choose_rent_duration()\n        rent_details_form.choose_black_color()\n        rent_details_form.click_order_button()\n    \n        order_page.click_yes_button()\n>       order_page.wait_confirmation()\n\ntests\\test_order.py:73: \n_ _ _ _ _ _ _ _ _ _ _ _ _ _ _ _ _ _ _ _ _ _ _ _ _ _ _ _ _ _ _ _ _ _ _ _ _ _ _ _ _ _ _ _ _ _ _ _ _ _ _ _ _ _ _ _ _ _ _ _ _ _ _ _ _ _ _ _ _ _ _ _ _ _ _ _ _ _ _ _ _ _ _ _ _ _ _ _ _ _ _ _\npages\\order_page.py:56: in wait_confirmation\n    WebDriverWait(self.driver,5).until(expected_conditions.visibility_of_element_located(self.order_created_message))\n_ _ _ _ _ _ _ _ _ _ _ _ _ _ _ _ _ _ _ _ _ _ _ _ _ _ _ _ _ _ _ _ _ _ _ _ _ _ _ _ _ _ _ _ _ _ _ _ _ _ _ _ _ _ _ _ _ _ _ _ _ _ _ _ _ _ _ _ _ _ _ _ _ _ _ _ _ _ _ _ _ _ _ _ _ _ _ _ _ _ _ _\n\nself = <selenium.webdriver.support.wait.WebDriverWait (session=\"55b25733971dd279ce510234aaf59ea1\")>\nmethod = <function visibility_of_element_located.<locals>._predicate at 0x00000221BB17F250>, message = ''\n\n    def until(self, method, message: str = \"\"):\n        \"\"\"Calls the method provided with the driver as an argument until the \\\n        return value does not evaluate to ``False``.\n    \n        :param method: callable(WebDriver)\n        :param message: optional message for :exc:`TimeoutException`\n        :returns: the result of the last call to `method`\n        :raises: :exc:`selenium.common.exceptions.TimeoutException` if timeout occurs\n        \"\"\"\n        screen = None\n        stacktrace = None\n    \n        end_time = time.monotonic() + self._timeout\n        while True:\n            try:\n                value = method(self._driver)\n                if value:\n                    return value\n            except self._ignored_exceptions as exc:\n                screen = getattr(exc, \"screen\", None)\n                stacktrace = getattr(exc, \"stacktrace\", None)\n            time.sleep(self._poll)\n            if time.monotonic() > end_time:\n                break\n>       raise TimeoutException(message, screen, stacktrace)\nE       selenium.common.exceptions.TimeoutException: Message: \nE       Stacktrace:\nE       Backtrace:\nE       \t(No symbol) [0x004737D3]\nE       \t(No symbol) [0x00408B81]\nE       \t(No symbol) [0x0030B36D]\nE       \t(No symbol) [0x0033D382]\nE       \t(No symbol) [0x0033D4BB]\nE       \t(No symbol) [0x00373302]\nE       \t(No symbol) [0x0035B464]\nE       \t(No symbol) [0x00371215]\nE       \t(No symbol) [0x0035B216]\nE       \t(No symbol) [0x00330D97]\nE       \t(No symbol) [0x0033253D]\nE       \tGetHandleVerifier [0x006EABF2+2510930]\nE       \tGetHandleVerifier [0x00718EC1+2700065]\nE       \tGetHandleVerifier [0x0071C86C+2714828]\nE       \tGetHandleVerifier [0x00523480+645344]\nE       \t(No symbol) [0x00410FD2]\nE       \t(No symbol) [0x00416C68]\nE       \t(No symbol) [0x00416D4B]\nE       \t(No symbol) [0x00420D6B]\nE       \tBaseThreadInitThunk [0x752C7D69+25]\nE       \tRtlInitializeExceptionChain [0x7748B74B+107]\nE       \tRtlClearBits [0x7748B6CF+191]\n\nC:\\Users\\iwmal\\AppData\\Local\\Packages\\PythonSoftwareFoundation.Python.3.10_qbz5n2kfra8p0\\LocalCache\\local-packages\\Python310\\site-packages\\selenium\\webdriver\\support\\wait.py:95: TimeoutException"}, "description": "Проверка позитивного сценария заказа самоката через кнопку внизу страницы с корректным заполнением всех полей формы, кроме поля \"Комментарий\"", "steps": [{"name": "Нажать кнопку принятия cookies", "status": "passed", "start": 1679567066676, "stop": 1679567066728}, {"name": "Нажать кнопку \"Заказать\" внизу страницы", "status": "passed", "start": 1679567066728, "stop": 1679567066779}, {"name": "Подождать загрузки страницы заказа", "status": "passed", "start": 1679567066779, "stop": 1679567066800}, {"name": "Заполнить поле \"Имя\"", "status": "passed", "parameters": [{"name": "name", "value": "'Роман'"}], "start": 1679567066800, "stop": 1679567066858}, {"name": "Заполнить поле \"Фамилия\"", "status": "passed", "parameters": [{"name": "family_name", "value": "'Александровский'"}], "start": 1679567066858, "stop": 1679567066914}, {"name": "Заполнить поле \"Адрес\"", "status": "passed", "parameters": [{"name": "address", "value": "'Новомытищенский проспект, 33, корпус 1'"}], "start": 1679567066914, "stop": 1679567066997}, {"name": "Выбрать станцию метро из выпадающего списка, напечатав ее название в поле ввода", "status": "passed", "parameters": [{"name": "metro_station", "value": "'Перово'"}], "start": 1679567066997, "stop": 1679567067165}, {"name": "Заполнить поле \"Номер телефона\"", "status": "passed", "parameters": [{"name": "phone_number", "value": "'+12345678901'"}], "start": 1679567067165, "stop": 1679567067231}, {"name": "Нажать кнопку \"Далее\"", "status": "passed", "start": 1679567067231, "stop": 1679567067267}, {"name": "Нажать на кнопку \"Да\" в форме \"Хотите оформить заказ?", "status": "passed", "start": 1679567067583, "stop": 1679567067629}, {"name": "Подождать появление всплывающего окна с сообщением об успешном создании заказа", "status": "broken", "statusDetails": {"message": "selenium.common.exceptions.TimeoutException: Message: \nStacktrace:\nBacktrace:\n\t(No symbol) [0x004737D3]\n\t(No symbol) [0x00408B81]\n\t(No symbol) [0x0030B36D]\n\t(No symbol) [0x0033D382]\n\t(No symbol) [0x0033D4BB]\n\t(No symbol) [0x00373302]\n\t(No symbol) [0x0035B464]\n\t(No symbol) [0x00371215]\n\t(No symbol) [0x0035B216]\n\t(No symbol) [0x00330D97]\n\t(No symbol) [0x0033253D]\n\tGetHandleVerifier [0x006EABF2+2510930]\n\tGetHandleVerifier [0x00718EC1+2700065]\n\tGetHandleVerifier [0x0071C86C+2714828]\n\tGetHandleVerifier [0x00523480+645344]\n\t(No symbol) [0x00410FD2]\n\t(No symbol) [0x00416C68]\n\t(No symbol) [0x00416D4B]\n\t(No symbol) [0x00420D6B]\n\tBaseThreadInitThunk [0x752C7D69+25]\n\tRtlInitializeExceptionChain [0x7748B74B+107]\n\tRtlClearBits [0x7748B6CF+191]\n\n", "trace": "  File \"C:\\Users\\iwmal\\AppData\\Local\\Packages\\PythonSoftwareFoundation.Python.3.10_qbz5n2kfra8p0\\LocalCache\\local-packages\\Python310\\site-packages\\allure_commons\\_allure.py\", line 192, in impl\n    return func(*a, **kw)\n  File \"C:\\Python_study\\Sprint_4\\pages\\order_page.py\", line 56, in wait_confirmation\n    WebDriverWait(self.driver,5).until(expected_conditions.visibility_of_element_located(self.order_created_message))\n  File \"C:\\Users\\iwmal\\AppData\\Local\\Packages\\PythonSoftwareFoundation.Python.3.10_qbz5n2kfra8p0\\LocalCache\\local-packages\\Python310\\site-packages\\selenium\\webdriver\\support\\wait.py\", line 95, in until\n    raise TimeoutException(message, screen, stacktrace)\n"}, "start": 1679567067629, "stop": 1679567072814}], "parameters": [{"name": "name", "value": "'Роман'"}, {"name": "family_name", "value": "'Александровский'"}, {"name": "address", "value": "'Новомытищенский проспект, 33, корпус 1'"}, {"name": "metro", "value": "'Перово'"}, {"name": "phone", "value": "'+12345678901'"}, {"name": "date", "value": "'24.03.2023'"}], "start": 1679567066675, "stop": 1679567072816, "uuid": "b54c4d23-ab60-4501-a734-f7ecffdff67e", "historyId": "c4ecddf637cc8c81096327163aec6eca", "testCaseId": "b609a63feb19f9433f23a48f08bf5146", "fullName": "tests.test_order#test_order_via_button_in_bottom_and_check_link", "labels": [{"name": "parentSuite", "value": "tests"}, {"name": "suite", "value": "test_order"}, {"name": "host", "value": "LAPTOP-ECDP3AFA"}, {"name": "thread", "value": "19940-MainThread"}, {"name": "framework", "value": "pytest"}, {"name": "language", "value": "cpython3"}, {"name": "package", "value": "tests.test_order"}]}